Using pre-set license
Built from '2020.3/staging' branch; Version is '2020.3.0f1 (c7b5465681fb) revision 13088070'; Using compiler version '192528614'; Build Type 'Release'
OS: 'Windows 10 Home; OS build 19042.867; Version 2009; 64bit' Language: 'en' Physical Memory: 8092 MB
BatchMode: 1, IsHumanControllingUs: 0, StartBugReporterOnCrash: 0, Is64bit: 1, IsPro: 0

 COMMAND LINE ARGUMENTS:
C:\Program Files\Unity\Hub\Editor\2020.3.0f1\Editor\Unity.exe
-adb2
-batchMode
-noUpm
-name
AssetImportWorker0
-projectPath
C:/Users/aviha/Desktop/פיתוח משחקים/projects/Space Assault
-logFile
Logs/AssetImportWorker0.log
-srvPort
62766
Successfully changed project path to: C:/Users/aviha/Desktop/פיתוח משחקים/projects/Space Assault
C:/Users/aviha/Desktop/פיתוח משחקים/projects/Space Assault
Using Asset Import Pipeline V2.
Refreshing native plugins compatible for Editor in 43.56 ms, found 0 plugins.
Preloading 0 native plugins for Editor in 0.00 ms.
Initialize engine version: 2020.3.0f1 (c7b5465681fb)
[Subsystems] Discovering subsystems at path C:/Program Files/Unity/Hub/Editor/2020.3.0f1/Editor/Data/Resources/UnitySubsystems
[Subsystems] Discovering subsystems at path C:/Users/aviha/Desktop/פיתוח משחקים/projects/Space Assault/Assets
GfxDevice: creating device client; threaded=0
Direct3D:
    Version:  Direct3D 11.0 [level 11.1]
    Renderer: Intel(R) UHD Graphics 620 (ID=0x5917)
    Vendor:   
    VRAM:     4046 MB
    Driver:   26.20.100.8142
Initialize mono
Mono path[0] = 'C:/Program Files/Unity/Hub/Editor/2020.3.0f1/Editor/Data/Managed'
Mono path[1] = 'C:/Program Files/Unity/Hub/Editor/2020.3.0f1/Editor/Data/MonoBleedingEdge/lib/mono/unityjit'
Mono config path = 'C:/Program Files/Unity/Hub/Editor/2020.3.0f1/Editor/Data/MonoBleedingEdge/etc'
Using monoOptions --debugger-agent=transport=dt_socket,embedding=1,server=y,suspend=n,address=127.0.0.1:56104
Begin MonoManager ReloadAssembly
Registering precompiled unity dll's ...
Register platform support module: C:/Program Files/Unity/Hub/Editor/2020.3.0f1/Editor/Data/PlaybackEngines/WindowsStandaloneSupport/UnityEditor.WindowsStandalone.Extensions.dll
Registered in 0.005650 seconds.
Native extension for WindowsStandalone target not found
Refreshing native plugins compatible for Editor in 42.35 ms, found 0 plugins.
Preloading 0 native plugins for Editor in 0.00 ms.
Invoked RoslynAnalysisRunner static constructor.
RoslynAnalysisRunner will not be running.
RoslynAnalysisRunner has terminated.
Mono: successfully reloaded assembly
- Completed reload, in  1.924 seconds
Platform modules already initialized, skipping
Registering precompiled user dll's ...
Registered in 0.002460 seconds.
Begin MonoManager ReloadAssembly
Native extension for WindowsStandalone target not found
Refreshing native plugins compatible for Editor in 35.46 ms, found 0 plugins.
Preloading 0 native plugins for Editor in 0.00 ms.
Invoked RoslynAnalysisRunner static constructor.
RoslynAnalysisRunner will not be running.
RoslynAnalysisRunner has terminated.
Mono: successfully reloaded assembly
- Completed reload, in  1.554 seconds
Platform modules already initialized, skipping
========================================================================
Worker process is ready to serve import requests
Launched and connected shader compiler UnityShaderCompiler.exe after 0.07 seconds
Refreshing native plugins compatible for Editor in 0.35 ms, found 0 plugins.
Preloading 0 native plugins for Editor in 0.00 ms.
Unloading 1370 Unused Serialized files (Serialized files now loaded: 0)
System memory in use before: 163.7 MB.
System memory in use after: 163.6 MB.

Unloading 23 unused Assets to reduce memory usage. Loaded Objects now: 1851.
Total: 2.318800 ms (FindLiveObjects: 0.188400 ms CreateObjectMapping: 0.050500 ms MarkObjects: 1.843700 ms  DeleteObjects: 0.235000 ms)

========================================================================
Received Import Request.
  path: Assets/Slackbar/38_AA_UY3 Argon Assault Admiral Slackbar
  artifactKey: Guid(4ac80febb97fc024aa898b64fb862214) Importer(815301076,1909f56bfc062723c751e8b465ee728b)
Start importing Assets/Slackbar/38_AA_UY3 Argon Assault Admiral Slackbar using Guid(4ac80febb97fc024aa898b64fb862214) Importer(815301076,1909f56bfc062723c751e8b465ee728b)  -> (artifact id: 'dbe6f929d69db290bbc39c1b1c8b0ae9') in 0.013318 seconds
  Import took 0.016701 seconds .

========================================================================
Received Import Request.
  Time since last request: 0.001316 seconds.
  path: Assets/Slackbar/38_AA_UY3 Argon Assault Admiral Slackbar/VO_Hitting Shield Generators.ogg
  artifactKey: Guid(eed0d5a6e76a78349992956fc0d59ebb) Importer(815301076,1909f56bfc062723c751e8b465ee728b)
Start importing Assets/Slackbar/38_AA_UY3 Argon Assault Admiral Slackbar/VO_Hitting Shield Generators.ogg using Guid(eed0d5a6e76a78349992956fc0d59ebb) Importer(815301076,1909f56bfc062723c751e8b465ee728b)  -> (artifact id: 'f26931e4f59b2f27e159a051e695a1ea') in 0.178587 seconds
  Import took 0.181600 seconds .

========================================================================
Received Import Request.
  Time since last request: 0.000335 seconds.
  path: Assets/Slackbar/38_AA_UY3 Argon Assault Admiral Slackbar/VO_You Did It.ogg
  artifactKey: Guid(36dac00b3764a4b48ae1af6de2e3c424) Importer(815301076,1909f56bfc062723c751e8b465ee728b)
Start importing Assets/Slackbar/38_AA_UY3 Argon Assault Admiral Slackbar/VO_You Did It.ogg using Guid(36dac00b3764a4b48ae1af6de2e3c424) Importer(815301076,1909f56bfc062723c751e8b465ee728b)  -> (artifact id: '308959c245977ccbbfbbdc47e4ae0e96') in 0.071557 seconds
  Import took 0.075989 seconds .

========================================================================
Received Import Request.
  Time since last request: 0.000332 seconds.
  path: Assets/Slackbar/38_AA_UY3 Argon Assault Admiral Slackbar/VO_Incoming Sector 5.ogg
  artifactKey: Guid(2a126dc97b53747479423d149d086a86) Importer(815301076,1909f56bfc062723c751e8b465ee728b)
Start importing Assets/Slackbar/38_AA_UY3 Argon Assault Admiral Slackbar/VO_Incoming Sector 5.ogg using Guid(2a126dc97b53747479423d149d086a86) Importer(815301076,1909f56bfc062723c751e8b465ee728b)  -> (artifact id: '4639a5d8911d0bd80ca3fdd65e256956') in 0.034838 seconds
  Import took 0.041797 seconds .

========================================================================
Received Import Request.
  Time since last request: 0.000443 seconds.
  path: Assets/Slackbar
  artifactKey: Guid(5dcbeeca2b88ed3479572aaee9e476af) Importer(815301076,1909f56bfc062723c751e8b465ee728b)
Start importing Assets/Slackbar using Guid(5dcbeeca2b88ed3479572aaee9e476af) Importer(815301076,1909f56bfc062723c751e8b465ee728b)  -> (artifact id: 'd35e62b10ccd41228497ff00cd1fd3ba') in 0.016734 seconds
  Import took 0.021925 seconds .

========================================================================
Received Import Request.
  Time since last request: 0.000510 seconds.
  path: Assets/Slackbar/38_AA_UY3 Argon Assault Admiral Slackbar/VO_Get To The Mines.ogg
  artifactKey: Guid(53ee2d6380322b94fa6ebeef799c8da2) Importer(815301076,1909f56bfc062723c751e8b465ee728b)
Start importing Assets/Slackbar/38_AA_UY3 Argon Assault Admiral Slackbar/VO_Get To The Mines.ogg using Guid(53ee2d6380322b94fa6ebeef799c8da2) Importer(815301076,1909f56bfc062723c751e8b465ee728b)  -> (artifact id: 'badddd24152f8cd11d1a4fdd2609f33d') in 0.057674 seconds
  Import took 0.063301 seconds .

========================================================================
Received Import Request.
  Time since last request: 0.000328 seconds.
  path: Assets/Slackbar/38_AA_UY3 Argon Assault Admiral Slackbar/VO_Holy Mother.ogg
  artifactKey: Guid(2e21e09ba59a6514db2a5f65f52d2731) Importer(815301076,1909f56bfc062723c751e8b465ee728b)
Start importing Assets/Slackbar/38_AA_UY3 Argon Assault Admiral Slackbar/VO_Holy Mother.ogg using Guid(2e21e09ba59a6514db2a5f65f52d2731) Importer(815301076,1909f56bfc062723c751e8b465ee728b)  -> (artifact id: '1ba1972b7efff10a11b1c0e6bb8f580e') in 0.042937 seconds
  Import took 0.046895 seconds .

========================================================================
Received Import Request.
  Time since last request: 0.000290 seconds.
  path: Assets/Slackbar/38_AA_UY3 Argon Assault Admiral Slackbar/Slackbar.png
  artifactKey: Guid(e7dcb1f6364c84845913e9e52e4eb6a5) Importer(815301076,1909f56bfc062723c751e8b465ee728b)
Start importing Assets/Slackbar/38_AA_UY3 Argon Assault Admiral Slackbar/Slackbar.png using Guid(e7dcb1f6364c84845913e9e52e4eb6a5) Importer(815301076,1909f56bfc062723c751e8b465ee728b)  -> (artifact id: '08d21b04e696065e1f6c3986ad3e7f4e') in 0.055875 seconds
  Import took 0.062199 seconds .

========================================================================
Received Import Request.
  Time since last request: 0.000701 seconds.
  path: Assets/Slackbar/38_AA_UY3 Argon Assault Admiral Slackbar/VO_Theyre Everywhere.ogg
  artifactKey: Guid(31f0b2b1e46263644986d5b62e492373) Importer(815301076,1909f56bfc062723c751e8b465ee728b)
Start importing Assets/Slackbar/38_AA_UY3 Argon Assault Admiral Slackbar/VO_Theyre Everywhere.ogg using Guid(31f0b2b1e46263644986d5b62e492373) Importer(815301076,1909f56bfc062723c751e8b465ee728b)  -> (artifact id: '1283fc4bdc41861cdaa8939defc8e91a') in 0.031328 seconds
  Import took 0.036066 seconds .

========================================================================
Received Import Request.
  Time since last request: 0.000325 seconds.
  path: Assets/Slackbar/38_AA_UY3 Argon Assault Admiral Slackbar/VO_Under Attack.ogg
  artifactKey: Guid(1ba9ac24900f4224c8ff0bfe3b83c0fe) Importer(815301076,1909f56bfc062723c751e8b465ee728b)
Start importing Assets/Slackbar/38_AA_UY3 Argon Assault Admiral Slackbar/VO_Under Attack.ogg using Guid(1ba9ac24900f4224c8ff0bfe3b83c0fe) Importer(815301076,1909f56bfc062723c751e8b465ee728b)  -> (artifact id: 'af0027376076519f6cc7b4cae70cae7a') in 0.044312 seconds
  Import took 0.048091 seconds .

========================================================================
Received Import Request.
  Time since last request: 0.000286 seconds.
  path: Assets/Slackbar/38_AA_UY3 Argon Assault Admiral Slackbar/VO_Worst Of It.ogg
  artifactKey: Guid(4fd8be50bffc65c478a404f59d713a74) Importer(815301076,1909f56bfc062723c751e8b465ee728b)
Start importing Assets/Slackbar/38_AA_UY3 Argon Assault Admiral Slackbar/VO_Worst Of It.ogg using Guid(4fd8be50bffc65c478a404f59d713a74) Importer(815301076,1909f56bfc062723c751e8b465ee728b)  -> (artifact id: 'aa992c0acb6a3dcbfaaf882c6f75eca7') in 0.040984 seconds
  Import took 0.044911 seconds .

========================================================================
Received Import Request.
  Time since last request: 138.681659 seconds.
  path: Assets/Slackbar/38_AA_UY3 Argon Assault Admiral Slackbar/Slackbar.png
  artifactKey: Guid(e7dcb1f6364c84845913e9e52e4eb6a5) Importer(815301076,1909f56bfc062723c751e8b465ee728b)
Start importing Assets/Slackbar/38_AA_UY3 Argon Assault Admiral Slackbar/Slackbar.png using Guid(e7dcb1f6364c84845913e9e52e4eb6a5) Importer(815301076,1909f56bfc062723c751e8b465ee728b)  -> (artifact id: 'ba5bd720075a3763a580f72a71bb3fc1') in 0.063028 seconds
  Import took 0.066834 seconds .

========================================================================
Received Prepare
Registering precompiled user dll's ...
Registered in 0.001985 seconds.
Begin MonoManager ReloadAssembly
Native extension for WindowsStandalone target not found
Refreshing native plugins compatible for Editor in 2.43 ms, found 0 plugins.
Preloading 0 native plugins for Editor in 0.00 ms.
Invoked RoslynAnalysisRunner static constructor.
RoslynAnalysisRunner will not be running.
RoslynAnalysisRunner has terminated.
Mono: successfully reloaded assembly
- Completed reload, in  1.394 seconds
Platform modules already initialized, skipping
Refreshing native plugins compatible for Editor in 0.34 ms, found 0 plugins.
Preloading 0 native plugins for Editor in 0.00 ms.
Unloading 1311 Unused Serialized files (Serialized files now loaded: 0)
System memory in use before: 162.7 MB.
System memory in use after: 162.6 MB.

Unloading 8 unused Assets to reduce memory usage. Loaded Objects now: 1866.
Total: 3.280300 ms (FindLiveObjects: 0.698700 ms CreateObjectMapping: 0.133600 ms MarkObjects: 2.218200 ms  DeleteObjects: 0.218400 ms)

========================================================================
Received Prepare
Registering precompiled user dll's ...
Registered in 0.001095 seconds.
Begin MonoManager ReloadAssembly
Native extension for WindowsStandalone target not found
Refreshing native plugins compatible for Editor in 0.36 ms, found 0 plugins.
Preloading 0 native plugins for Editor in 0.00 ms.
Invoked RoslynAnalysisRunner static constructor.
RoslynAnalysisRunner will not be running.
RoslynAnalysisRunner has terminated.
Mono: successfully reloaded assembly
- Completed reload, in  1.207 seconds
Platform modules already initialized, skipping
Refreshing native plugins compatible for Editor in 0.37 ms, found 0 plugins.
Preloading 0 native plugins for Editor in 0.00 ms.
Unloading 1311 Unused Serialized files (Serialized files now loaded: 0)
System memory in use before: 162.7 MB.
System memory in use after: 162.6 MB.

Unloading 8 unused Assets to reduce memory usage. Loaded Objects now: 1869.
Total: 3.546800 ms (FindLiveObjects: 0.215900 ms CreateObjectMapping: 0.087900 ms MarkObjects: 2.862800 ms  DeleteObjects: 0.378800 ms)

========================================================================
Received Prepare
Registering precompiled user dll's ...
Registered in 0.002140 seconds.
Begin MonoManager ReloadAssembly
Native extension for WindowsStandalone target not found
Refreshing native plugins compatible for Editor in 0.46 ms, found 0 plugins.
Preloading 0 native plugins for Editor in 0.00 ms.
Invoked RoslynAnalysisRunner static constructor.
RoslynAnalysisRunner will not be running.
RoslynAnalysisRunner has terminated.
Mono: successfully reloaded assembly
- Completed reload, in  1.196 seconds
Platform modules already initialized, skipping
Refreshing native plugins compatible for Editor in 0.30 ms, found 0 plugins.
Preloading 0 native plugins for Editor in 0.00 ms.
Unloading 1311 Unused Serialized files (Serialized files now loaded: 0)
System memory in use before: 162.7 MB.
System memory in use after: 162.6 MB.

Unloading 8 unused Assets to reduce memory usage. Loaded Objects now: 1872.
Total: 7.672600 ms (FindLiveObjects: 0.505600 ms CreateObjectMapping: 0.122100 ms MarkObjects: 6.790600 ms  DeleteObjects: 0.251500 ms)

========================================================================
Received Import Request.
  Time since last request: 959.358909 seconds.
  path: Assets/Music & Sound
  artifactKey: Guid(3baf78d120b8494499626c4c78c65e16) Importer(815301076,1909f56bfc062723c751e8b465ee728b)
Start importing Assets/Music & Sound using Guid(3baf78d120b8494499626c4c78c65e16) Importer(815301076,1909f56bfc062723c751e8b465ee728b)  -> (artifact id: '106af49bb57a3755c40236ae7536cf49') in 0.012687 seconds
  Import took 0.016747 seconds .

========================================================================
Received Import Request.
  Time since last request: 79.255955 seconds.
  path: Assets/Music & Sound/AA Music by GameDev.tv.mp3
  artifactKey: Guid(53fb81b53d648fc46959d154258916e9) Importer(815301076,1909f56bfc062723c751e8b465ee728b)
Start importing Assets/Music & Sound/AA Music by GameDev.tv.mp3 using Guid(53fb81b53d648fc46959d154258916e9) Importer(815301076,1909f56bfc062723c751e8b465ee728b)  -> (artifact id: 'fcbf3526b99ed41bc77f6d1944629a51') in 0.114829 seconds
  Import took 0.120689 seconds .

========================================================================
Received Import Request.
  Time since last request: 0.000217 seconds.
  path: Assets/Music & Sound/SFX_Explosion_Simple.ogg
  artifactKey: Guid(511e5cf86242e49488c880befb9a3864) Importer(815301076,1909f56bfc062723c751e8b465ee728b)
Start importing Assets/Music & Sound/SFX_Explosion_Simple.ogg using Guid(511e5cf86242e49488c880befb9a3864) Importer(815301076,1909f56bfc062723c751e8b465ee728b)  -> (artifact id: '050ebcf3ed7506bf57e0030b899acbf3') in 0.022997 seconds
  Import took 0.026733 seconds .

========================================================================
Received Prepare
Registering precompiled user dll's ...
Registered in 0.001078 seconds.
Begin MonoManager ReloadAssembly
Native extension for WindowsStandalone target not found
Refreshing native plugins compatible for Editor in 0.34 ms, found 0 plugins.
Preloading 0 native plugins for Editor in 0.00 ms.
Invoked RoslynAnalysisRunner static constructor.
RoslynAnalysisRunner will not be running.
RoslynAnalysisRunner has terminated.
Mono: successfully reloaded assembly
- Completed reload, in  1.183 seconds
Platform modules already initialized, skipping
Refreshing native plugins compatible for Editor in 0.30 ms, found 0 plugins.
Preloading 0 native plugins for Editor in 0.00 ms.
Unloading 1311 Unused Serialized files (Serialized files now loaded: 0)
System memory in use before: 162.7 MB.
System memory in use after: 162.6 MB.

Unloading 8 unused Assets to reduce memory usage. Loaded Objects now: 1876.
Total: 2.738400 ms (FindLiveObjects: 0.335400 ms CreateObjectMapping: 0.092300 ms MarkObjects: 2.091100 ms  DeleteObjects: 0.217200 ms)

========================================================================
Received Import Request.
  Time since last request: 390.212205 seconds.
  path: Assets/Scripts/MusicPlayer.cs
  artifactKey: Guid(b7b0640d1f5077d438f11d3486881be7) Importer(815301076,1909f56bfc062723c751e8b465ee728b)
Start importing Assets/Scripts/MusicPlayer.cs using Guid(b7b0640d1f5077d438f11d3486881be7) Importer(815301076,1909f56bfc062723c751e8b465ee728b)  -> (artifact id: '675d69018a1b10df46ffca74f75b6ba1') in 0.029259 seconds
  Import took 0.033355 seconds .

========================================================================
Received Import Request.
  Time since last request: 0.016130 seconds.
  path: Assets/Scripts/MusicPlayer.cs
  artifactKey: Guid(b7b0640d1f5077d438f11d3486881be7) Importer(815301076,1909f56bfc062723c751e8b465ee728b)
Start importing Assets/Scripts/MusicPlayer.cs using Guid(b7b0640d1f5077d438f11d3486881be7) Importer(815301076,1909f56bfc062723c751e8b465ee728b)  -> (artifact id: '675d69018a1b10df46ffca74f75b6ba1') in 0.011660 seconds
  Import took 0.015718 seconds .

========================================================================
Received Prepare
Registering precompiled user dll's ...
Registered in 0.001077 seconds.
Begin MonoManager ReloadAssembly
Native extension for WindowsStandalone target not found
Refreshing native plugins compatible for Editor in 0.43 ms, found 0 plugins.
Preloading 0 native plugins for Editor in 0.00 ms.
Invoked RoslynAnalysisRunner static constructor.
RoslynAnalysisRunner will not be running.
RoslynAnalysisRunner has terminated.
Mono: successfully reloaded assembly
- Completed reload, in  1.376 seconds
Platform modules already initialized, skipping
Refreshing native plugins compatible for Editor in 0.43 ms, found 0 plugins.
Preloading 0 native plugins for Editor in 0.00 ms.
Unloading 1312 Unused Serialized files (Serialized files now loaded: 0)
System memory in use before: 162.8 MB.
System memory in use after: 162.7 MB.

Unloading 8 unused Assets to reduce memory usage. Loaded Objects now: 1880.
Total: 4.170800 ms (FindLiveObjects: 0.330200 ms CreateObjectMapping: 0.102900 ms MarkObjects: 3.338900 ms  DeleteObjects: 0.396800 ms)

========================================================================
Received Prepare
Registering precompiled user dll's ...
Registered in 0.001036 seconds.
Begin MonoManager ReloadAssembly
Native extension for WindowsStandalone target not found
Refreshing native plugins compatible for Editor in 0.32 ms, found 0 plugins.
Preloading 0 native plugins for Editor in 0.00 ms.
Invoked RoslynAnalysisRunner static constructor.
RoslynAnalysisRunner will not be running.
RoslynAnalysisRunner has terminated.
Mono: successfully reloaded assembly
- Completed reload, in  1.436 seconds
Platform modules already initialized, skipping
Refreshing native plugins compatible for Editor in 0.39 ms, found 0 plugins.
Preloading 0 native plugins for Editor in 0.00 ms.
Unloading 1312 Unused Serialized files (Serialized files now loaded: 0)
System memory in use before: 162.8 MB.
System memory in use after: 162.7 MB.

Unloading 8 unused Assets to reduce memory usage. Loaded Objects now: 1883.
Total: 2.127800 ms (FindLiveObjects: 0.167400 ms CreateObjectMapping: 0.048200 ms MarkObjects: 1.665100 ms  DeleteObjects: 0.246000 ms)

========================================================================
Received Prepare
Registering precompiled user dll's ...
Registered in 0.001133 seconds.
Begin MonoManager ReloadAssembly
Native extension for WindowsStandalone target not found
Refreshing native plugins compatible for Editor in 0.40 ms, found 0 plugins.
Preloading 0 native plugins for Editor in 0.00 ms.
Invoked RoslynAnalysisRunner static constructor.
RoslynAnalysisRunner will not be running.
RoslynAnalysisRunner has terminated.
Mono: successfully reloaded assembly
- Completed reload, in  1.210 seconds
Platform modules already initialized, skipping
Refreshing native plugins compatible for Editor in 0.35 ms, found 0 plugins.
Preloading 0 native plugins for Editor in 0.00 ms.
Unloading 1312 Unused Serialized files (Serialized files now loaded: 0)
System memory in use before: 162.8 MB.
System memory in use after: 162.7 MB.

Unloading 8 unused Assets to reduce memory usage. Loaded Objects now: 1886.
Total: 2.338500 ms (FindLiveObjects: 0.195600 ms CreateObjectMapping: 0.054200 ms MarkObjects: 1.854300 ms  DeleteObjects: 0.233000 ms)

========================================================================
Received Import Request.
  Time since last request: 562.249903 seconds.
  path: Assets/Prefabs/Canvas.prefab
  artifactKey: Guid(b29556abb72128b469e196a8bbc606cd) Importer(815301076,1909f56bfc062723c751e8b465ee728b)
Start importing Assets/Prefabs/Canvas.prefab using Guid(b29556abb72128b469e196a8bbc606cd) Importer(815301076,1909f56bfc062723c751e8b465ee728b)  -> (artifact id: '7b45b235650efff017a8c203a04252dc') in 0.118282 seconds
  Import took 0.122027 seconds .

========================================================================
Received Import Request.
  Time since last request: 21.728848 seconds.
  path: Assets/Prefabs/Enemy Explosion VFX.prefab
  artifactKey: Guid(3cf51e29283a7864c955ae79b5872c37) Importer(815301076,1909f56bfc062723c751e8b465ee728b)
Start importing Assets/Prefabs/Enemy Explosion VFX.prefab using Guid(3cf51e29283a7864c955ae79b5872c37) Importer(815301076,1909f56bfc062723c751e8b465ee728b)  -> (artifact id: 'f08180f42a18507a989858ac67411a62') in 0.017458 seconds
  Import took 0.022345 seconds .

========================================================================
Received Import Request.
  Time since last request: 292.981337 seconds.
  path: Assets/Prefabs/Enemy Explosion VFX & SFX.prefab
  artifactKey: Guid(3cf51e29283a7864c955ae79b5872c37) Importer(815301076,1909f56bfc062723c751e8b465ee728b)
Start importing Assets/Prefabs/Enemy Explosion VFX & SFX.prefab using Guid(3cf51e29283a7864c955ae79b5872c37) Importer(815301076,1909f56bfc062723c751e8b465ee728b)  -> (artifact id: '3d3bc063b385fd8c6122921483485acb') in 0.013633 seconds
  Import took 0.020587 seconds .

========================================================================
Received Prepare
Registering precompiled user dll's ...
Registered in 0.001538 seconds.
Begin MonoManager ReloadAssembly
Native extension for WindowsStandalone target not found
Refreshing native plugins compatible for Editor in 0.33 ms, found 0 plugins.
Preloading 0 native plugins for Editor in 0.00 ms.
Invoked RoslynAnalysisRunner static constructor.
RoslynAnalysisRunner will not be running.
RoslynAnalysisRunner has terminated.
Mono: successfully reloaded assembly
- Completed reload, in  1.634 seconds
Platform modules already initialized, skipping
Refreshing native plugins compatible for Editor in 0.57 ms, found 0 plugins.
Preloading 0 native plugins for Editor in 0.00 ms.
Unloading 1312 Unused Serialized files (Serialized files now loaded: 0)
System memory in use before: 162.8 MB.
System memory in use after: 162.8 MB.

Unloading 8 unused Assets to reduce memory usage. Loaded Objects now: 1889.
Total: 5.162800 ms (FindLiveObjects: 0.276600 ms CreateObjectMapping: 0.072200 ms MarkObjects: 4.490300 ms  DeleteObjects: 0.321600 ms)

========================================================================
Received Import Request.
  Time since last request: 826.495100 seconds.
  path: Assets/SkyBox Volume 2
  artifactKey: Guid(6e05fcd091db26b4ab84b86bad331ec1) Importer(815301076,1909f56bfc062723c751e8b465ee728b)
Start importing Assets/SkyBox Volume 2 using Guid(6e05fcd091db26b4ab84b86bad331ec1) Importer(815301076,1909f56bfc062723c751e8b465ee728b)  -> (artifact id: 'd7a96afcae3cfd8cfcbab647b3a9cd1a') in 0.019801 seconds
  Import took 0.024099 seconds .

========================================================================
Received Import Request.
  Time since last request: 95.102256 seconds.
  path: Assets/Asset Packs/SkyBox Volume 2/DeepSpaceGreenWithPlanet
  artifactKey: Guid(b5c950c5a977e5444a3c207078d9185a) Importer(815301076,1909f56bfc062723c751e8b465ee728b)
Start importing Assets/Asset Packs/SkyBox Volume 2/DeepSpaceGreenWithPlanet using Guid(b5c950c5a977e5444a3c207078d9185a) Importer(815301076,1909f56bfc062723c751e8b465ee728b)  -> (artifact id: 'b70762150793dcd8d029fd34731dd8e6') in 0.015230 seconds
  Import took 0.019046 seconds .

========================================================================
Received Import Request.
  Time since last request: 0.043652 seconds.
  path: Assets/Asset Packs/SkyBox Volume 2/DeepSpaceGreenWithPlanet/backImage.png
  artifactKey: Guid(b8eac033bd49f0f4a8914a7454a2ec3c) Importer(815301076,1909f56bfc062723c751e8b465ee728b)
Start importing Assets/Asset Packs/SkyBox Volume 2/DeepSpaceGreenWithPlanet/backImage.png using Guid(b8eac033bd49f0f4a8914a7454a2ec3c) Importer(815301076,1909f56bfc062723c751e8b465ee728b)  -> (artifact id: 'e781f89589e6ae498c823677fa74d6e2') in 0.060843 seconds
  Import took 0.064303 seconds .

========================================================================
Received Import Request.
  Time since last request: 0.000336 seconds.
  path: Assets/Asset Packs/SkyBox Volume 2/DeepSpaceGreenWithPlanet/upImage.png
  artifactKey: Guid(82671bcdbbcc6f54c86c3c2c6ed06aa8) Importer(815301076,1909f56bfc062723c751e8b465ee728b)
Start importing Assets/Asset Packs/SkyBox Volume 2/DeepSpaceGreenWithPlanet/upImage.png using Guid(82671bcdbbcc6f54c86c3c2c6ed06aa8) Importer(815301076,1909f56bfc062723c751e8b465ee728b)  -> (artifact id: '0e956890da90c5f7cf30b93a8d74697b') in 0.038664 seconds
  Import took 0.042429 seconds .

========================================================================
Received Import Request.
  Time since last request: 0.000579 seconds.
  path: Assets/Asset Packs/SkyBox Volume 2/DeepSpaceGreenWithPlanet/downImage.png
  artifactKey: Guid(06d8be9df22e9d443a0aefb29905bd87) Importer(815301076,1909f56bfc062723c751e8b465ee728b)
Start importing Assets/Asset Packs/SkyBox Volume 2/DeepSpaceGreenWithPlanet/downImage.png using Guid(06d8be9df22e9d443a0aefb29905bd87) Importer(815301076,1909f56bfc062723c751e8b465ee728b)  -> (artifact id: 'd277c9beb9fdd37d4d3ef21a73e1b887') in 0.041930 seconds
  Import took 0.047096 seconds .

========================================================================
Received Import Request.
  Time since last request: 0.000367 seconds.
  path: Assets/Asset Packs/SkyBox Volume 2/DeepSpaceGreenWithPlanet/DSGWP.mat
  artifactKey: Guid(5b21c6a8ce40f9641bd1204324b90b2c) Importer(815301076,1909f56bfc062723c751e8b465ee728b)
Start importing Assets/Asset Packs/SkyBox Volume 2/DeepSpaceGreenWithPlanet/DSGWP.mat using Guid(5b21c6a8ce40f9641bd1204324b90b2c) Importer(815301076,1909f56bfc062723c751e8b465ee728b)  -> (artifact id: 'dbad8a1890fd607abba76febfe1c72a8') in 0.392804 seconds
  Import took 0.396733 seconds .

========================================================================
Received Import Request.
  Time since last request: 0.000325 seconds.
  path: Assets/Asset Packs/SkyBox Volume 2/DeepSpaceGreenWithPlanet/leftImage.png
  artifactKey: Guid(25f74bd5fd43fe94a9bf7a33040c8fbf) Importer(815301076,1909f56bfc062723c751e8b465ee728b)
Start importing Assets/Asset Packs/SkyBox Volume 2/DeepSpaceGreenWithPlanet/leftImage.png using Guid(25f74bd5fd43fe94a9bf7a33040c8fbf) Importer(815301076,1909f56bfc062723c751e8b465ee728b)  -> (artifact id: '9ac1eb50706a5dc565f090222c06ac9a') in 0.039411 seconds
  Import took 0.042837 seconds .

========================================================================
Received Import Request.
  Time since last request: 0.000331 seconds.
  path: Assets/Asset Packs/SkyBox Volume 2/DeepSpaceGreenWithPlanet/frontImage.png
  artifactKey: Guid(400d172508883dc4eb23264cb156581f) Importer(815301076,1909f56bfc062723c751e8b465ee728b)
Start importing Assets/Asset Packs/SkyBox Volume 2/DeepSpaceGreenWithPlanet/frontImage.png using Guid(400d172508883dc4eb23264cb156581f) Importer(815301076,1909f56bfc062723c751e8b465ee728b)  -> (artifact id: 'dc6f859ad3836a33b0369747552dba62') in 0.046193 seconds
  Import took 0.050514 seconds .

========================================================================
Received Import Request.
  Time since last request: 0.000327 seconds.
  path: Assets/Asset Packs/SkyBox Volume 2/DeepSpaceGreenWithPlanet/rightImage.png
  artifactKey: Guid(61e6c3739167eb34abfef78dcc131203) Importer(815301076,1909f56bfc062723c751e8b465ee728b)
Start importing Assets/Asset Packs/SkyBox Volume 2/DeepSpaceGreenWithPlanet/rightImage.png using Guid(61e6c3739167eb34abfef78dcc131203) Importer(815301076,1909f56bfc062723c751e8b465ee728b)  -> (artifact id: 'fba10adfae2f1aa78b1469db527993ff') in 0.035620 seconds
  Import took 0.039509 seconds .

========================================================================
Received Import Request.
  Time since last request: 0.003535 seconds.
  path: Assets/Asset Packs/SkyBox Volume 2/DeepSpaceGreenWithPlanet/rightImage.png
  artifactKey: Guid(61e6c3739167eb34abfef78dcc131203) Importer(815301076,1909f56bfc062723c751e8b465ee728b)
Start importing Assets/Asset Packs/SkyBox Volume 2/DeepSpaceGreenWithPlanet/rightImage.png using Guid(61e6c3739167eb34abfef78dcc131203) Importer(815301076,1909f56bfc062723c751e8b465ee728b)  -> (artifact id: 'fba10adfae2f1aa78b1469db527993ff') in 0.024403 seconds
  Import took 0.030223 seconds .

========================================================================
Received Prepare
Registering precompiled user dll's ...
Registered in 0.001211 seconds.
Begin MonoManager ReloadAssembly
Native extension for WindowsStandalone target not found
Refreshing native plugins compatible for Editor in 0.40 ms, found 0 plugins.
Preloading 0 native plugins for Editor in 0.00 ms.
Invoked RoslynAnalysisRunner static constructor.
RoslynAnalysisRunner will not be running.
RoslynAnalysisRunner has terminated.
Mono: successfully reloaded assembly
- Completed reload, in  1.500 seconds
Platform modules already initialized, skipping
Refreshing native plugins compatible for Editor in 0.36 ms, found 0 plugins.
Preloading 0 native plugins for Editor in 0.00 ms.
Unloading 1312 Unused Serialized files (Serialized files now loaded: 0)
System memory in use before: 163.2 MB.
System memory in use after: 163.1 MB.

Unloading 8 unused Assets to reduce memory usage. Loaded Objects now: 1927.
Total: 3.017000 ms (FindLiveObjects: 0.614100 ms CreateObjectMapping: 0.202400 ms MarkObjects: 1.973600 ms  DeleteObjects: 0.225400 ms)

========================================================================
Received Prepare
Registering precompiled user dll's ...
Registered in 0.001548 seconds.
Begin MonoManager ReloadAssembly
Native extension for WindowsStandalone target not found
Refreshing native plugins compatible for Editor in 0.40 ms, found 0 plugins.
Preloading 0 native plugins for Editor in 0.00 ms.
Invoked RoslynAnalysisRunner static constructor.
RoslynAnalysisRunner will not be running.
RoslynAnalysisRunner has terminated.
Mono: successfully reloaded assembly
- Completed reload, in  1.209 seconds
Platform modules already initialized, skipping
Refreshing native plugins compatible for Editor in 0.31 ms, found 0 plugins.
Preloading 0 native plugins for Editor in 0.00 ms.
Unloading 1312 Unused Serialized files (Serialized files now loaded: 0)
System memory in use before: 163.2 MB.
System memory in use after: 163.1 MB.

Unloading 8 unused Assets to reduce memory usage. Loaded Objects now: 1930.
Total: 2.662800 ms (FindLiveObjects: 0.194900 ms CreateObjectMapping: 0.067400 ms MarkObjects: 2.124300 ms  DeleteObjects: 0.274700 ms)

========================================================================
Received Prepare
Registering precompiled user dll's ...
Registered in 0.002325 seconds.
Begin MonoManager ReloadAssembly
Native extension for WindowsStandalone target not found
Refreshing native plugins compatible for Editor in 0.35 ms, found 0 plugins.
Preloading 0 native plugins for Editor in 0.00 ms.
Invoked RoslynAnalysisRunner static constructor.
RoslynAnalysisRunner will not be running.
RoslynAnalysisRunner has terminated.
Mono: successfully reloaded assembly
- Completed reload, in  1.269 seconds
Platform modules already initialized, skipping
Refreshing native plugins compatible for Editor in 0.31 ms, found 0 plugins.
Preloading 0 native plugins for Editor in 0.00 ms.
Unloading 1312 Unused Serialized files (Serialized files now loaded: 0)
System memory in use before: 163.2 MB.
System memory in use after: 163.1 MB.

Unloading 8 unused Assets to reduce memory usage. Loaded Objects now: 1933.
Total: 2.301100 ms (FindLiveObjects: 0.178600 ms CreateObjectMapping: 0.065000 ms MarkObjects: 1.792200 ms  DeleteObjects: 0.263700 ms)

========================================================================
Received Prepare
Registering precompiled user dll's ...
Registered in 0.008534 seconds.
Begin MonoManager ReloadAssembly
Native extension for WindowsStandalone target not found
Refreshing native plugins compatible for Editor in 0.49 ms, found 0 plugins.
Preloading 0 native plugins for Editor in 0.00 ms.
Invoked RoslynAnalysisRunner static constructor.
RoslynAnalysisRunner will not be running.
RoslynAnalysisRunner has terminated.
Mono: successfully reloaded assembly
- Completed reload, in  1.246 seconds
Platform modules already initialized, skipping
Refreshing native plugins compatible for Editor in 0.34 ms, found 0 plugins.
Preloading 0 native plugins for Editor in 0.00 ms.
Unloading 1312 Unused Serialized files (Serialized files now loaded: 0)
System memory in use before: 163.2 MB.
System memory in use after: 163.1 MB.

Unloading 8 unused Assets to reduce memory usage. Loaded Objects now: 1936.
Total: 2.486800 ms (FindLiveObjects: 0.210800 ms CreateObjectMapping: 0.064600 ms MarkObjects: 1.970400 ms  DeleteObjects: 0.239400 ms)

========================================================================
Received Prepare
Registering precompiled user dll's ...
Registered in 0.002419 seconds.
Begin MonoManager ReloadAssembly
Native extension for WindowsStandalone target not found
Refreshing native plugins compatible for Editor in 0.49 ms, found 0 plugins.
Preloading 0 native plugins for Editor in 0.00 ms.
[ScriptCompilation] NOT recompiling all scripts because this is an import worker process. Reason to compile was: Define symbols changed
Invoked RoslynAnalysisRunner static constructor.
RoslynAnalysisRunner will not be running.
RoslynAnalysisRunner has terminated.
Mono: successfully reloaded assembly
- Completed reload, in  1.431 seconds
Platform modules already initialized, skipping
Refreshing native plugins compatible for Editor in 0.56 ms, found 0 plugins.
Preloading 0 native plugins for Editor in 0.00 ms.
Unloading 1432 Unused Serialized files (Serialized files now loaded: 0)
System memory in use before: 170.0 MB.
System memory in use after: 168.2 MB.

Unloading 35 unused Assets to reduce memory usage. Loaded Objects now: 2032.
Total: 3.071900 ms (FindLiveObjects: 0.203600 ms CreateObjectMapping: 0.073000 ms MarkObjects: 1.891800 ms  DeleteObjects: 0.901800 ms)

========================================================================
Received Import Request.
  Time since last request: 3101.647536 seconds.
  path: Assets/New Post-processing Profile.asset
  artifactKey: Guid(a39c5813b05760345860e317820fda81) Importer(815301076,1909f56bfc062723c751e8b465ee728b)
Start importing Assets/New Post-processing Profile.asset using Guid(a39c5813b05760345860e317820fda81) Importer(815301076,1909f56bfc062723c751e8b465ee728b)  -> (artifact id: '060a21b9f2fc51394dcb5c215e1f51bc') in 0.038113 seconds
  Import took 0.043060 seconds .

========================================================================
Received Import Request.
  Time since last request: 8.877053 seconds.
  path: Assets/GlobalPP.asset
  artifactKey: Guid(a39c5813b05760345860e317820fda81) Importer(815301076,1909f56bfc062723c751e8b465ee728b)
Start importing Assets/GlobalPP.asset using Guid(a39c5813b05760345860e317820fda81) Importer(815301076,1909f56bfc062723c751e8b465ee728b)  -> (artifact id: '11945a2083bf97dced2a4f4dc89ef9ad') in 0.014949 seconds
  Import took 0.018157 seconds .

========================================================================
Received Import Request.
  Time since last request: 39.036687 seconds.
  path: ProjectSettings/TagManager.asset
  artifactKey: Guid(00000000000000003000000000000000) Importer(815301076,1909f56bfc062723c751e8b465ee728b)
Start importing ProjectSettings/TagManager.asset using Guid(00000000000000003000000000000000) Importer(815301076,1909f56bfc062723c751e8b465ee728b)  -> (artifact id: '4dca2ae3db4ae2070e36b80ff9a86823') in 0.011588 seconds
  Import took 0.014564 seconds .

========================================================================
Received Import Request.
  Time since last request: 147.877920 seconds.
  path: Assets/GlobalPP.asset
  artifactKey: Guid(a39c5813b05760345860e317820fda81) Importer(815301076,1909f56bfc062723c751e8b465ee728b)
Start importing Assets/GlobalPP.asset using Guid(a39c5813b05760345860e317820fda81) Importer(815301076,1909f56bfc062723c751e8b465ee728b)  -> (artifact id: 'c2af8a87ac18f2e7da11168d7bf8bf26') in 0.037953 seconds
  Import took 0.041956 seconds .

========================================================================
Received Import Request.
  Time since last request: 350.005994 seconds.
  path: Assets/GlobalPP.asset
  artifactKey: Guid(a39c5813b05760345860e317820fda81) Importer(815301076,1909f56bfc062723c751e8b465ee728b)
Start importing Assets/GlobalPP.asset using Guid(a39c5813b05760345860e317820fda81) Importer(815301076,1909f56bfc062723c751e8b465ee728b)  -> (artifact id: 'c5730239a16819377ffa9a66b6b32447') in 0.009037 seconds
  Import took 0.015558 seconds .

========================================================================
Received Prepare
Registering precompiled user dll's ...
Registered in 0.001169 seconds.
Begin MonoManager ReloadAssembly
Native extension for WindowsStandalone target not found
Refreshing native plugins compatible for Editor in 0.44 ms, found 0 plugins.
Preloading 0 native plugins for Editor in 0.00 ms.
Invoked RoslynAnalysisRunner static constructor.
RoslynAnalysisRunner will not be running.
RoslynAnalysisRunner has terminated.
Mono: successfully reloaded assembly
- Completed reload, in  1.176 seconds
Platform modules already initialized, skipping
Refreshing native plugins compatible for Editor in 0.58 ms, found 0 plugins.
Preloading 0 native plugins for Editor in 0.00 ms.
Unloading 1432 Unused Serialized files (Serialized files now loaded: 0)
System memory in use before: 170.0 MB.
System memory in use after: 168.2 MB.

Unloading 36 unused Assets to reduce memory usage. Loaded Objects now: 2035.
Total: 5.549100 ms (FindLiveObjects: 0.337600 ms CreateObjectMapping: 0.117800 ms MarkObjects: 3.307500 ms  DeleteObjects: 1.783600 ms)

========================================================================
Received Import Request.
  Time since last request: 116.980561 seconds.
  path: Assets/GlobalPP.asset
  artifactKey: Guid(a39c5813b05760345860e317820fda81) Importer(815301076,1909f56bfc062723c751e8b465ee728b)
Start importing Assets/GlobalPP.asset using Guid(a39c5813b05760345860e317820fda81) Importer(815301076,1909f56bfc062723c751e8b465ee728b)  -> (artifact id: 'e7c40ecd0c424238d38a704c429e63a3') in 0.032882 seconds
  Import took 0.036644 seconds .

========================================================================
Received Prepare
Registering precompiled user dll's ...
Registered in 0.001208 seconds.
Begin MonoManager ReloadAssembly
Native extension for WindowsStandalone target not found
Refreshing native plugins compatible for Editor in 0.56 ms, found 0 plugins.
Preloading 0 native plugins for Editor in 0.00 ms.
Invoked RoslynAnalysisRunner static constructor.
RoslynAnalysisRunner will not be running.
RoslynAnalysisRunner has terminated.
Mono: successfully reloaded assembly
- Completed reload, in  1.352 seconds
Platform modules already initialized, skipping
Refreshing native plugins compatible for Editor in 0.43 ms, found 0 plugins.
Preloading 0 native plugins for Editor in 0.00 ms.
Unloading 1432 Unused Serialized files (Serialized files now loaded: 0)
System memory in use before: 170.0 MB.
System memory in use after: 168.2 MB.

Unloading 35 unused Assets to reduce memory usage. Loaded Objects now: 2038.
Total: 4.260800 ms (FindLiveObjects: 0.281900 ms CreateObjectMapping: 0.095400 ms MarkObjects: 2.645300 ms  DeleteObjects: 1.236400 ms)

========================================================================
Received Prepare
Registering precompiled user dll's ...
Registered in 0.002032 seconds.
Begin MonoManager ReloadAssembly
Native extension for WindowsStandalone target not found
Refreshing native plugins compatible for Editor in 0.35 ms, found 0 plugins.
Preloading 0 native plugins for Editor in 0.00 ms.
Invoked RoslynAnalysisRunner static constructor.
RoslynAnalysisRunner will not be running.
RoslynAnalysisRunner has terminated.
Mono: successfully reloaded assembly
- Completed reload, in  1.577 seconds
Platform modules already initialized, skipping
Refreshing native plugins compatible for Editor in 0.95 ms, found 0 plugins.
Preloading 0 native plugins for Editor in 0.00 ms.
Unloading 1432 Unused Serialized files (Serialized files now loaded: 0)
System memory in use before: 170.1 MB.
System memory in use after: 168.2 MB.

Unloading 35 unused Assets to reduce memory usage. Loaded Objects now: 2041.
Total: 9.186000 ms (FindLiveObjects: 0.885000 ms CreateObjectMapping: 0.263400 ms MarkObjects: 5.650800 ms  DeleteObjects: 2.382800 ms)

========================================================================
Received Import Request.
  Time since last request: 106.328056 seconds.
  path: Assets/GlobalPP.asset
  artifactKey: Guid(a39c5813b05760345860e317820fda81) Importer(815301076,1909f56bfc062723c751e8b465ee728b)
Start importing Assets/GlobalPP.asset using Guid(a39c5813b05760345860e317820fda81) Importer(815301076,1909f56bfc062723c751e8b465ee728b)  -> (artifact id: 'b03429e8e6b36d401242870096f6fbb6') in 0.080190 seconds
  Import took 0.088032 seconds .

========================================================================
Received Import Request.
  Time since last request: 17.125096 seconds.
  path: Assets/GlobalPP.asset
  artifactKey: Guid(a39c5813b05760345860e317820fda81) Importer(815301076,1909f56bfc062723c751e8b465ee728b)
Start importing Assets/GlobalPP.asset using Guid(a39c5813b05760345860e317820fda81) Importer(815301076,1909f56bfc062723c751e8b465ee728b)  -> (artifact id: '41e40a89183a51711bda1d0b6160ce51') in 0.010987 seconds
  Import took 0.017375 seconds .

========================================================================
Received Import Request.
  Time since last request: 31.596685 seconds.
  path: Assets/GlobalPP.asset
  artifactKey: Guid(a39c5813b05760345860e317820fda81) Importer(815301076,1909f56bfc062723c751e8b465ee728b)
Start importing Assets/GlobalPP.asset using Guid(a39c5813b05760345860e317820fda81) Importer(815301076,1909f56bfc062723c751e8b465ee728b)  -> (artifact id: '93edf4e4d9cdff6e8a0207c2960f71c5') in 0.008878 seconds
  Import took 0.012870 seconds .

========================================================================
Received Prepare
Registering precompiled user dll's ...
Registered in 0.002799 seconds.
Begin MonoManager ReloadAssembly
Native extension for WindowsStandalone target not found
Refreshing native plugins compatible for Editor in 0.39 ms, found 0 plugins.
Preloading 0 native plugins for Editor in 0.00 ms.
Invoked RoslynAnalysisRunner static constructor.
RoslynAnalysisRunner will not be running.
RoslynAnalysisRunner has terminated.
Mono: successfully reloaded assembly
- Completed reload, in  2.370 seconds
Platform modules already initialized, skipping
Refreshing native plugins compatible for Editor in 0.67 ms, found 0 plugins.
Preloading 0 native plugins for Editor in 0.00 ms.
Unloading 1432 Unused Serialized files (Serialized files now loaded: 0)
System memory in use before: 170.1 MB.
System memory in use after: 168.2 MB.

Unloading 35 unused Assets to reduce memory usage. Loaded Objects now: 2044.
Total: 6.590000 ms (FindLiveObjects: 0.325700 ms CreateObjectMapping: 0.118600 ms MarkObjects: 3.382300 ms  DeleteObjects: 2.761600 ms)

========================================================================
Received Prepare
Registering precompiled user dll's ...
Registered in 0.008731 seconds.
Begin MonoManager ReloadAssembly
Native extension for WindowsStandalone target not found
Refreshing native plugins compatible for Editor in 0.40 ms, found 0 plugins.
Preloading 0 native plugins for Editor in 0.00 ms.
Invoked RoslynAnalysisRunner static constructor.
RoslynAnalysisRunner will not be running.
RoslynAnalysisRunner has terminated.
Mono: successfully reloaded assembly
- Completed reload, in  1.913 seconds
Platform modules already initialized, skipping
Refreshing native plugins compatible for Editor in 0.57 ms, found 0 plugins.
Preloading 0 native plugins for Editor in 0.00 ms.
Unloading 1432 Unused Serialized files (Serialized files now loaded: 0)
System memory in use before: 170.1 MB.
System memory in use after: 168.2 MB.

Unloading 35 unused Assets to reduce memory usage. Loaded Objects now: 2047.
Total: 3.772600 ms (FindLiveObjects: 0.216300 ms CreateObjectMapping: 0.081300 ms MarkObjects: 2.397200 ms  DeleteObjects: 1.075900 ms)

========================================================================
Received Import Request.
  Time since last request: 1473.963589 seconds.
  path: Assets/Prefabs/Canvas.prefab
  artifactKey: Guid(b29556abb72128b469e196a8bbc606cd) Importer(815301076,1909f56bfc062723c751e8b465ee728b)
Start importing Assets/Prefabs/Canvas.prefab using Guid(b29556abb72128b469e196a8bbc606cd) Importer(815301076,1909f56bfc062723c751e8b465ee728b)  -> (artifact id: '1783113a79b0fc17a7feded6f2be6c35') in 0.130383 seconds
  Import took 0.138886 seconds .

========================================================================
Received Import Request.
  Time since last request: 0.000309 seconds.
  path: Assets/Prefabs/Player Rig 1.prefab
  artifactKey: Guid(da65f9207bbf0384d89a875353794546) Importer(815301076,1909f56bfc062723c751e8b465ee728b)
Start importing Assets/Prefabs/Player Rig 1.prefab using Guid(da65f9207bbf0384d89a875353794546) Importer(815301076,1909f56bfc062723c751e8b465ee728b)  -> (artifact id: '16589b22d87fbcd60584df2071fef84d') in 0.320338 seconds
  Import took 0.326438 seconds .

========================================================================
Received Prepare
Registering precompiled user dll's ...
Registered in 0.001527 seconds.
Begin MonoManager ReloadAssembly
Native extension for WindowsStandalone target not found
Refreshing native plugins compatible for Editor in 0.37 ms, found 0 plugins.
Preloading 0 native plugins for Editor in 0.00 ms.
Invoked RoslynAnalysisRunner static constructor.
RoslynAnalysisRunner will not be running.
RoslynAnalysisRunner has terminated.
Mono: successfully reloaded assembly
- Completed reload, in  1.196 seconds
Platform modules already initialized, skipping
Refreshing native plugins compatible for Editor in 0.38 ms, found 0 plugins.
Preloading 0 native plugins for Editor in 0.00 ms.
Unloading 1432 Unused Serialized files (Serialized files now loaded: 0)
System memory in use before: 170.1 MB.
System memory in use after: 168.3 MB.

Unloading 35 unused Assets to reduce memory usage. Loaded Objects now: 2051.
Total: 3.435200 ms (FindLiveObjects: 0.287100 ms CreateObjectMapping: 0.080100 ms MarkObjects: 2.049100 ms  DeleteObjects: 1.017200 ms)

========================================================================
Received Prepare
Registering precompiled user dll's ...
Registered in 0.001650 seconds.
Begin MonoManager ReloadAssembly
Native extension for WindowsStandalone target not found
Refreshing native plugins compatible for Editor in 0.37 ms, found 0 plugins.
Preloading 0 native plugins for Editor in 0.00 ms.
Invoked RoslynAnalysisRunner static constructor.
RoslynAnalysisRunner will not be running.
RoslynAnalysisRunner has terminated.
Mono: successfully reloaded assembly
- Completed reload, in  1.263 seconds
Platform modules already initialized, skipping
Refreshing native plugins compatible for Editor in 0.32 ms, found 0 plugins.
Preloading 0 native plugins for Editor in 0.00 ms.
Unloading 1432 Unused Serialized files (Serialized files now loaded: 0)
System memory in use before: 170.1 MB.
System memory in use after: 168.3 MB.

Unloading 35 unused Assets to reduce memory usage. Loaded Objects now: 2054.
Total: 2.888200 ms (FindLiveObjects: 0.186300 ms CreateObjectMapping: 0.058500 ms MarkObjects: 1.739400 ms  DeleteObjects: 0.902600 ms)

========================================================================
Received Prepare
Registering precompiled user dll's ...
Registered in 0.001162 seconds.
Begin MonoManager ReloadAssembly
Native extension for WindowsStandalone target not found
Refreshing native plugins compatible for Editor in 0.37 ms, found 0 plugins.
Preloading 0 native plugins for Editor in 0.00 ms.
Invoked RoslynAnalysisRunner static constructor.
RoslynAnalysisRunner will not be running.
RoslynAnalysisRunner has terminated.
Mono: successfully reloaded assembly
- Completed reload, in  1.879 seconds
Platform modules already initialized, skipping
Refreshing native plugins compatible for Editor in 0.50 ms, found 0 plugins.
Preloading 0 native plugins for Editor in 0.00 ms.
Unloading 1432 Unused Serialized files (Serialized files now loaded: 0)
System memory in use before: 170.1 MB.
System memory in use after: 168.3 MB.

Unloading 35 unused Assets to reduce memory usage. Loaded Objects now: 2057.
Total: 7.925300 ms (FindLiveObjects: 0.476600 ms CreateObjectMapping: 0.421700 ms MarkObjects: 4.490500 ms  DeleteObjects: 2.518200 ms)

========================================================================
Received Prepare
Registering precompiled user dll's ...
Registered in 0.001869 seconds.
Begin MonoManager ReloadAssembly
Native extension for WindowsStandalone target not found
Refreshing native plugins compatible for Editor in 0.51 ms, found 0 plugins.
Preloading 0 native plugins for Editor in 0.00 ms.
Invoked RoslynAnalysisRunner static constructor.
RoslynAnalysisRunner will not be running.
RoslynAnalysisRunner has terminated.
Mono: successfully reloaded assembly
- Completed reload, in  1.215 seconds
Platform modules already initialized, skipping
Refreshing native plugins compatible for Editor in 0.55 ms, found 0 plugins.
Preloading 0 native plugins for Editor in 0.00 ms.
Unloading 1432 Unused Serialized files (Serialized files now loaded: 0)
System memory in use before: 170.2 MB.
System memory in use after: 168.3 MB.

Unloading 35 unused Assets to reduce memory usage. Loaded Objects now: 2060.
Total: 3.871200 ms (FindLiveObjects: 0.463700 ms CreateObjectMapping: 0.133400 ms MarkObjects: 2.397200 ms  DeleteObjects: 0.875500 ms)

========================================================================
Received Prepare
Registering precompiled user dll's ...
Registered in 0.001451 seconds.
Begin MonoManager ReloadAssembly
Native extension for WindowsStandalone target not found
Refreshing native plugins compatible for Editor in 0.38 ms, found 0 plugins.
Preloading 0 native plugins for Editor in 0.00 ms.
Invoked RoslynAnalysisRunner static constructor.
RoslynAnalysisRunner will not be running.
RoslynAnalysisRunner has terminated.
Mono: successfully reloaded assembly
- Completed reload, in  1.183 seconds
Platform modules already initialized, skipping
Refreshing native plugins compatible for Editor in 0.37 ms, found 0 plugins.
Preloading 0 native plugins for Editor in 0.00 ms.
Unloading 1432 Unused Serialized files (Serialized files now loaded: 0)
System memory in use before: 170.2 MB.
System memory in use after: 168.3 MB.

Unloading 35 unused Assets to reduce memory usage. Loaded Objects now: 2063.
Total: 3.459600 ms (FindLiveObjects: 0.403400 ms CreateObjectMapping: 0.093600 ms MarkObjects: 2.056500 ms  DeleteObjects: 0.903600 ms)

========================================================================
Received Prepare
Refreshing native plugins compatible for Editor in 2.63 ms, found 0 plugins.
Preloading 0 native plugins for Editor in 0.00 ms.
Unloading 33 Unused Serialized files (Serialized files now loaded: 0)
System memory in use before: 142.5 MB.
System memory in use after: 140.6 MB.

Unloading 33 unused Assets to reduce memory usage. Loaded Objects now: 2063.
Total: 8.655800 ms (FindLiveObjects: 0.850300 ms CreateObjectMapping: 0.203700 ms MarkObjects: 4.473400 ms  DeleteObjects: 3.124400 ms)

========================================================================
Received Import Request.
  Time since last request: 4735.149952 seconds.
  path: Assets/GlobalPP.asset
  artifactKey: Guid(a39c5813b05760345860e317820fda81) Importer(815301076,1909f56bfc062723c751e8b465ee728b)
Start importing Assets/GlobalPP.asset using Guid(a39c5813b05760345860e317820fda81) Importer(815301076,1909f56bfc062723c751e8b465ee728b)  -> (artifact id: '802887bab249913dfdf2e0ea573e4159') in 0.237880 seconds
  Import took 0.325836 seconds .

========================================================================
Received Import Request.
  Time since last request: 2.740777 seconds.
  path: Assets/Scripts/MusicPlayer.cs
  artifactKey: Guid(b7b0640d1f5077d438f11d3486881be7) Importer(815301076,1909f56bfc062723c751e8b465ee728b)
Start importing Assets/Scripts/MusicPlayer.cs using Guid(b7b0640d1f5077d438f11d3486881be7) Importer(815301076,1909f56bfc062723c751e8b465ee728b)  -> (artifact id: '964112e205b617492efd05514e09aa47') in 0.012027 seconds
  Import took 0.016111 seconds .

========================================================================
Received Import Request.
  Time since last request: 0.667475 seconds.
  path: Assets/Scripts/Enemy.cs
  artifactKey: Guid(724efd8ecfa80be4eabda7ffd6cace39) Importer(815301076,1909f56bfc062723c751e8b465ee728b)
Start importing Assets/Scripts/Enemy.cs using Guid(724efd8ecfa80be4eabda7ffd6cace39) Importer(815301076,1909f56bfc062723c751e8b465ee728b)  -> (artifact id: '6a9b78a341507cdab40292f3f0189e19') in 0.011440 seconds
  Import took 0.015746 seconds .

========================================================================
Received Import Request.
  Time since last request: 0.003491 seconds.
  path: Assets/Scripts/Enemy.cs
  artifactKey: Guid(724efd8ecfa80be4eabda7ffd6cace39) Importer(815301076,1909f56bfc062723c751e8b465ee728b)
Start importing Assets/Scripts/Enemy.cs using Guid(724efd8ecfa80be4eabda7ffd6cace39) Importer(815301076,1909f56bfc062723c751e8b465ee728b)  -> (artifact id: '6a9b78a341507cdab40292f3f0189e19') in 0.006455 seconds
  Import took 0.010424 seconds .

========================================================================
Received Import Request.
  Time since last request: 0.446128 seconds.
  path: Assets/Scripts/CollisionHandler.cs
  artifactKey: Guid(be8ce15fda098fc4faf106d971c33737) Importer(815301076,1909f56bfc062723c751e8b465ee728b)
Start importing Assets/Scripts/CollisionHandler.cs using Guid(be8ce15fda098fc4faf106d971c33737) Importer(815301076,1909f56bfc062723c751e8b465ee728b)  -> (artifact id: 'ded5500a6e3009a698384e3b863e5e6a') in 0.012274 seconds
  Import took 0.015753 seconds .

========================================================================
Received Import Request.
  Time since last request: 0.002410 seconds.
  path: Assets/Scripts/CollisionHandler.cs
  artifactKey: Guid(be8ce15fda098fc4faf106d971c33737) Importer(815301076,1909f56bfc062723c751e8b465ee728b)
Start importing Assets/Scripts/CollisionHandler.cs using Guid(be8ce15fda098fc4faf106d971c33737) Importer(815301076,1909f56bfc062723c751e8b465ee728b)  -> (artifact id: 'ded5500a6e3009a698384e3b863e5e6a') in 0.006314 seconds
  Import took 0.010571 seconds .

========================================================================
Received Prepare
Registering precompiled user dll's ...
Registered in 0.001164 seconds.
Begin MonoManager ReloadAssembly
Native extension for WindowsStandalone target not found
Refreshing native plugins compatible for Editor in 0.35 ms, found 0 plugins.
Preloading 0 native plugins for Editor in 0.00 ms.
Invoked RoslynAnalysisRunner static constructor.
RoslynAnalysisRunner will not be running.
RoslynAnalysisRunner has terminated.
Mono: successfully reloaded assembly
- Completed reload, in  1.368 seconds
Platform modules already initialized, skipping
Refreshing native plugins compatible for Editor in 0.49 ms, found 0 plugins.
Preloading 0 native plugins for Editor in 0.00 ms.
Unloading 1432 Unused Serialized files (Serialized files now loaded: 0)
System memory in use before: 171.2 MB.
System memory in use after: 169.4 MB.

Unloading 35 unused Assets to reduce memory usage. Loaded Objects now: 2066.
Total: 4.996300 ms (FindLiveObjects: 0.310700 ms CreateObjectMapping: 0.120100 ms MarkObjects: 3.046700 ms  DeleteObjects: 1.516000 ms)

========================================================================
Received Import Request.
  Time since last request: 81.947203 seconds.
  path: Assets/Scripts/PlayerController.cs
  artifactKey: Guid(26e0f39573bed264980e974df24d4d81) Importer(815301076,1909f56bfc062723c751e8b465ee728b)
Start importing Assets/Scripts/PlayerController.cs using Guid(26e0f39573bed264980e974df24d4d81) Importer(815301076,1909f56bfc062723c751e8b465ee728b)  -> (artifact id: 'c4c1ba53037add4a97a1c7c02e7d453f') in 0.017199 seconds
  Import took 0.020717 seconds .

========================================================================
Received Prepare
Refreshing native plugins compatible for Editor in 1.33 ms, found 0 plugins.
Preloading 0 native plugins for Editor in 0.00 ms.
Unloading 33 Unused Serialized files (Serialized files now loaded: 0)
System memory in use before: 143.5 MB.
System memory in use after: 141.7 MB.

Unloading 33 unused Assets to reduce memory usage. Loaded Objects now: 2066.
Total: 3.773400 ms (FindLiveObjects: 0.282500 ms CreateObjectMapping: 0.098400 ms MarkObjects: 2.350900 ms  DeleteObjects: 1.039900 ms)

AssetImportWorkerClient::OnTransportError - code=2 error=End of file
